Morning Brief — 2026-05-07 01:06
────────────────────────────────────────────────
  Fetching Newsletters…
    → 15 articles
  Fetching Tech & Startups…
    → 15 articles
  Fetching Finance & VC…
    → 15 articles
  Fetching Macro & Economics…
    → 10 articles
  Fetching World News…
    → 5 articles
  Fetching Fashion…
    → 15 articles
  Fetching Film & Art…
    → 20 articles
  Fetching Music & Classical…
    → 5 articles
  Fetching Sports…
    → 10 articles
────────────────────────────────────────────────
✓ Dashboard saved → /Users/antoinebernard/news_dashboard/index.html
Morning Brief — 2026-05-07 08:46
────────────────────────────────────────────────
  Fetching Newsletters…
    → 15 articles
  Fetching Tech & Startups…
    → 15 articles
  Fetching Finance & VC…
    → 15 articles
  Fetching Macro & Economics…
    → 10 articles
  Fetching World News…
    → 5 articles
  Fetching Fashion…
    → 15 articles
  Fetching Film & Art…
    → 20 articles
  Fetching Music & Classical…
    → 5 articles
  Fetching Sports…
    → 10 articles
────────────────────────────────────────────────
✓ Dashboard saved → /Users/antoinebernard/news_dashboard/index.html
Morning Brief v2 — 2026-05-07 12:00
────────────────────────────────────────────────────
  Fetching Newsletters…
    → 18 articles
  Fetching Tech · Startups · VC…
    → 24 articles
  Fetching Macro · Finance · Geopolitics…
    → 24 articles
  Fetching Fashion…
    → 12 articles
  Fetching Culture…
    → 18 articles
  Fetching Sports…
    → 12 articles
  Fetching Paris — What's On…
    → 0 articles
────────────────────────────────────────────────────
✓  Saved → /Users/antoinebernard/news_dashboard/index.html
Morning Brief v3 — 2026-05-07 13:03
──────────────────────────────────────────────────────
  Fetching Telegram (AFP)…
    → 20 Telegram messages fetched
  Fetching Tech/VC…
    → 40 articles → 36 deduplicated stories
  Fetching Macro…
    → 16 articles
  Fetching Culture/Fashion…
    → 24 articles
  Fetching Sports…
    → L'Équipe: 0, BBC Sport: 8
  Fetching conflict news…
    → 44 articles for conflict matching
──────────────────────────────────────────────────────
✓  Saved → /Users/antoinebernard/news_dashboard/index.html
Morning Brief v4 2026-05-07 15:31
------------------------------------------------------------
Fetching Telegram AFP...
  Telegram fetched: 20 messages
Fetching Tech VC...
  Tech: 40 articles, 36 groups
Fetching Macro...
  Macro: 36 articles, 33 groups
Fetching Culture...
  Culture: 20 visible cards
Fetching Sports...
  L Equipe: 0, BBC Sport: 8
Fetching conflict news...
  Conflict pool: 44 articles
------------------------------------------------------------
Saved to /Users/antoinebernard/news_dashboard/index.html
Morning Brief v4 — 2026-05-07 16:31
──────────────────────────────────────────────────────
  Fetching AFP (Telegram)…
    → 30 AFP messages
  Fetching Tech/VC…
    → 50 articles → 45 stories
  Fetching Macro…
    → 21 articles
  Fetching Culture/Fashion…
    → 10 articles
  Fetching Sports…
    → L'Équipe: 0, BBC Sport: 10
  Fetching conflict news…
    → 52 articles for conflict matching
  Fetching Paris…
    → 0 Paris articles
──────────────────────────────────────────────────────
✓  Saved → /Users/antoinebernard/news_dashboard/index.html
Morning Brief v4 — 2026-05-07 17:32
──────────────────────────────────────────────────────
  Fetching AFP (Telegram)…
    → 30 AFP messages
  Fetching Tech/VC…
    → 51 articles → 46 stories
  Fetching Macro…
    → 29 articles
  Fetching Culture/Fashion…
    → 30 articles
  Fetching Sports…
    → L'Équipe: 10, BBC Sport: 10
  Fetching conflict news…
    → 50 articles for conflict matching
  Fetching Paris…
    → 10 Paris articles
──────────────────────────────────────────────────────
✓  Saved → /Users/antoinebernard/news_dashboard/index.html
Morning Brief v4 — 2026-05-07 21:12
──────────────────────────────────────────────────────
  Fetching AFP (Telegram)…
    → 30 AFP messages
  Fetching Tech/VC…
    → 52 articles → 47 stories
  Fetching Macro…
    → 30 articles
  Fetching Culture/Fashion…
    → 30 articles
  Fetching Sports…
    → L'Équipe: 10, BBC Sport: 10
  Fetching conflict news…
    → 53 articles for conflict matching
  Fetching Paris…
    → 10 Paris articles
──────────────────────────────────────────────────────
✓  Saved → /Users/antoinebernard/news_dashboard/index.html
Morning Brief v4 — 2026-05-08 05:47
──────────────────────────────────────────────────────
  Fetching AFP (Telegram)…
    → 30 AFP messages
  Fetching Tech/VC…
    → 51 articles → 46 stories
  Fetching Macro…
    → 30 articles
  Fetching Culture/Fashion…
    → 30 articles
  Fetching Sports…
    → L'Équipe: 10, BBC Sport: 10
  Fetching conflict news…
    → 58 articles for conflict matching
  Fetching Paris…
    → 10 Paris articles
──────────────────────────────────────────────────────
✓  Saved → /Users/antoinebernard/news_dashboard/index.html
Morning Brief v4 — 2026-05-08 09:50
──────────────────────────────────────────────────────
  Fetching AFP (Telegram)…
    → 30 AFP messages
  Fetching Tech/VC…
    → 50 articles → 45 stories
  Fetching Macro…
    → 30 articles
  Fetching Culture/Fashion…
    → 30 articles
  Fetching Sports…
    → L'Équipe: 10, BBC Sport: 10
  Fetching conflict news…
  ⚠  Defense News: [Errno 54] Connection reset by peer
    → 50 articles for conflict matching
  Fetching Paris…
    → 10 Paris articles
──────────────────────────────────────────────────────
✓  Saved → /Users/antoinebernard/news_dashboard/index.html
Morning Brief v4 — 2026-05-08 13:46
──────────────────────────────────────────────────────
  Fetching AFP (Telegram)…
    → 30 AFP messages
  Fetching Tech/VC…
    → 80 articles → 71 stories
  Fetching Macro…
    → 31 articles
  Fetching Culture/Fashion…
    → 30 articles
  Fetching Sports…
    → L'Équipe: 10, BBC Sport: 10
  Fetching conflict news…
    → 68 articles for conflict matching
  Fetching Paris…
    → 10 Paris articles
  Fetching Cities (Marseille & Paris)…
    → 40 city articles
──────────────────────────────────────────────────────
✓  Saved → /Users/antoinebernard/news_dashboard/index.html
Morning Brief v4 — 2026-05-08 14:46
──────────────────────────────────────────────────────
  Fetching AFP (Telegram)…
    → 30 AFP messages
  Fetching Tech/VC…
    → 17 articles → 14 stories
  Fetching Macro…
    → 25 articles
  Fetching Culture/Fashion…
    → 21 articles
  Fetching Sports…
    → L'Équipe: 10, BBC Sport: 10
  Fetching conflict news…
    → 58 articles for conflict matching
  Fetching Paris…
    → 10 Paris articles
  Fetching Cities (Marseille & Paris)…
    → 34 city articles
──────────────────────────────────────────────────────
✓  Saved → /Users/antoinebernard/news_dashboard/index.html
Morning Brief v4 — 2026-05-08 15:51
──────────────────────────────────────────────────────
  Fetching AFP (Telegram)…
    → 30 AFP messages
  Fetching Tech/VC…
    → 36 articles → 26 stories
  Fetching Macro…
    → 25 articles
  Fetching Culture/Fashion…
    → 22 articles
  Fetching Sports…
    → L'Équipe: 10, BBC Sport: 10
  Fetching conflict news…
    → 54 articles for conflict matching
  Fetching Paris…
    → 10 Paris articles
  Fetching Cities (Marseille & Paris)…
    → 35 city articles
──────────────────────────────────────────────────────
✓  Saved → /Users/antoinebernard/news_dashboard/index.html
Morning Brief v4 — 2026-05-08 16:52
──────────────────────────────────────────────────────
  Fetching AFP (Telegram)…
    → 30 AFP messages
  Fetching Tech/VC…
    → 36 articles → 26 stories
  Fetching Macro…
    → 25 articles
  Fetching Culture/Fashion…
    → 22 articles
  Fetching Sports…
    → L'Équipe: 10, BBC Sport: 10
  Fetching conflict news…
    → 57 articles for conflict matching
  Fetching Paris…
    → 10 Paris articles
  Fetching Cities (Marseille & Paris)…
    → 35 city articles
──────────────────────────────────────────────────────
✓  Saved → /Users/antoinebernard/news_dashboard/index.html
Morning Brief v4 — 2026-05-08 20:36
──────────────────────────────────────────────────────
  Fetching AFP (Telegram)…
    → 30 AFP messages
  Fetching Tech/VC…
    → 36 articles → 25 stories
  Fetching Macro…
    → 25 articles
  Fetching Culture/Fashion…
    → 22 articles
  Fetching Sports…
    → L'Équipe: 10, BBC Sport: 10
  Fetching conflict news…
    → 59 articles for conflict matching
  Fetching Paris…
    → 10 Paris articles
  Fetching Cities (Marseille & Paris)…
    → 37 city articles
──────────────────────────────────────────────────────
✓  Saved → /Users/antoinebernard/news_dashboard/index.html
Morning Brief v4 — 2026-05-09 00:57
──────────────────────────────────────────────────────
  Fetching AFP (Telegram)…
    → 30 AFP messages
  Fetching Tech/VC…
    → 37 articles → 27 stories
  Fetching Macro…
    → 25 articles
  Fetching Culture/Fashion…
    → 22 articles
  Fetching Sports…
    → L'Équipe: 10, BBC Sport: 10
  Fetching conflict news…
    → 55 articles for conflict matching
  Fetching Paris…
    → 10 Paris articles
  Fetching Cities (Marseille & Paris)…
    → 37 city articles
──────────────────────────────────────────────────────
✓  Saved → /Users/antoinebernard/news_dashboard/index.html
Morning Brief v4 — 2026-05-09 02:00
──────────────────────────────────────────────────────
  Fetching AFP (Telegram)…
    → 30 AFP messages
  Fetching Tech/VC…
    → 37 articles → 27 stories
  Fetching Macro…
    → 25 articles
  Fetching Culture/Fashion…
    → 22 articles
  Fetching Sports…
    → L'Équipe: 10, BBC Sport: 10
  Fetching conflict news…
    → 77 articles for conflict matching
  Fetching Paris…
    → 10 Paris articles
  Fetching Cities (Marseille & Paris)…
    → 37 city articles
──────────────────────────────────────────────────────
✓  Saved → /Users/antoinebernard/news_dashboard/index.html
Morning Brief v4 — 2026-05-09 03:02
──────────────────────────────────────────────────────
  Fetching AFP (Telegram)…
    → 30 AFP messages
  Fetching Tech/VC…
    → 37 articles → 27 stories
  Fetching Macro…
    → 25 articles
  Fetching Culture/Fashion…
    → 10 articles
  Fetching Sports…
    → L'Équipe: 10, BBC Sport: 10
  Fetching conflict news…
    → 92 articles for conflict matching
  Fetching Paris…
    → 10 Paris articles
  Fetching Cities (Marseille & Paris)…
    → 37 city articles
──────────────────────────────────────────────────────
✓  Saved → /Users/antoinebernard/news_dashboard/index.html
Morning Brief v4 — 2026-05-09 05:33
──────────────────────────────────────────────────────
  Fetching AFP (Telegram)…
    → 30 AFP messages
  Fetching Tech/VC…
    → 37 articles → 27 stories
  Fetching Macro…
    → 25 articles
  Fetching Culture/Fashion…
    → 10 articles
  Fetching Sports…
    → L'Équipe: 10, BBC Sport: 10
  Fetching conflict news…
    → 91 articles for conflict matching
  Fetching Paris…
    → 10 Paris articles
  Fetching Cities (Marseille & Paris)…
    → 36 city articles
──────────────────────────────────────────────────────
✓  Saved → /Users/antoinebernard/news_dashboard/index.html
Morning Brief v4 — 2026-05-09 06:34
──────────────────────────────────────────────────────
  Fetching AFP (Telegram)…
    → 30 AFP messages
  Fetching Tech/VC…
    → 37 articles → 27 stories
  Fetching Macro…
    → 25 articles
  Fetching Culture/Fashion…
    → 10 articles
  Fetching Sports…
    → L'Équipe: 10, BBC Sport: 10
  Fetching conflict news…
    → 91 articles for conflict matching
  Fetching Paris…
    → 10 Paris articles
  Fetching Cities (Marseille & Paris)…
    → 36 city articles
──────────────────────────────────────────────────────
✓  Saved → /Users/antoinebernard/news_dashboard/index.html
Morning Brief v4 — 2026-05-09 07:34
──────────────────────────────────────────────────────
  Fetching AFP (Telegram)…
    → 30 AFP messages
  Fetching Tech/VC…
    → 37 articles → 27 stories
  Fetching Macro…
    → 25 articles
  Fetching Culture/Fashion…
    → 10 articles
  Fetching Sports…
    → L'Équipe: 10, BBC Sport: 10
  Fetching conflict news…
    → 89 articles for conflict matching
  Fetching Paris…
    → 10 Paris articles
  Fetching Cities (Marseille & Paris)…
    → 36 city articles
──────────────────────────────────────────────────────
✓  Saved → /Users/antoinebernard/news_dashboard/index.html
Morning Brief v4 — 2026-05-09 08:34
──────────────────────────────────────────────────────
  Fetching AFP (Telegram)…
    → 30 AFP messages
  Fetching Tech/VC…
    → 35 articles → 26 stories
  Fetching Macro…
    → 25 articles
  Fetching Culture/Fashion…
    → 10 articles
  Fetching Sports…
    → L'Équipe: 10, BBC Sport: 10
  Fetching conflict news…
    → 87 articles for conflict matching
  Fetching Paris…
    → 10 Paris articles
  Fetching Cities (Marseille & Paris)…
    → 37 city articles
──────────────────────────────────────────────────────
✓  Saved → /Users/antoinebernard/news_dashboard/index.html
Morning Brief v4 — 2026-05-09 09:35
──────────────────────────────────────────────────────
  Fetching AFP (Telegram)…
    → 30 AFP messages
  Fetching Tech/VC…
    → 36 articles → 27 stories
  Fetching Macro…
    → 25 articles
  Fetching Culture/Fashion…
    → 10 articles
  Fetching Sports…
    → L'Équipe: 10, BBC Sport: 10
  Fetching conflict news…
    → 85 articles for conflict matching
  Fetching Paris…
    → 10 Paris articles
  Fetching Cities (Marseille & Paris)…
    → 37 city articles
──────────────────────────────────────────────────────
✓  Saved → /Users/antoinebernard/news_dashboard/index.html
Morning Brief v4 — 2026-05-09 10:35
──────────────────────────────────────────────────────
  Fetching AFP (Telegram)…
    → 30 AFP messages
  Fetching Tech/VC…
    → 37 articles → 28 stories
  Fetching Macro…
    → 25 articles
  Fetching Culture/Fashion…
    → 10 articles
  Fetching Sports…
    → L'Équipe: 10, BBC Sport: 10
  Fetching conflict news…
    → 87 articles for conflict matching
  Fetching Paris…
    → 10 Paris articles
  Fetching Cities (Marseille & Paris)…
    → 36 city articles
──────────────────────────────────────────────────────
✓  Saved → /Users/antoinebernard/news_dashboard/index.html
Morning Brief v4 — 2026-05-09 11:36
──────────────────────────────────────────────────────
  Fetching AFP (Telegram)…
    → 30 AFP messages
  Fetching Tech/VC…
    → 37 articles → 28 stories
  Fetching Macro…
    → 25 articles
  Fetching Culture/Fashion…
    → 10 articles
  Fetching Sports…
    → L'Équipe: 10, BBC Sport: 10
  Fetching conflict news…
    → 88 articles for conflict matching
  Fetching Paris…
    → 10 Paris articles
  Fetching Cities (Marseille & Paris)…
    → 36 city articles
──────────────────────────────────────────────────────
✓  Saved → /Users/antoinebernard/news_dashboard/index.html
Morning Brief v4 — 2026-05-09 12:43
──────────────────────────────────────────────────────
  Fetching AFP (Telegram)…
    → 30 AFP messages
  Fetching Tech/VC…
    → 38 articles → 29 stories
  Fetching Macro…
    → 25 articles
  Fetching Culture/Fashion…
    → 10 articles
  Fetching Sports…
    → L'Équipe: 10, BBC Sport: 10
  Fetching conflict news…
    → 83 articles for conflict matching
  Fetching Paris…
    → 10 Paris articles
  Fetching Cities (Marseille & Paris)…
    → 36 city articles
──────────────────────────────────────────────────────
✓  Saved → /Users/antoinebernard/news_dashboard/index.html
